Terminals unused in grammar

   AND
   OR
   NOT
   COMENT
   whitespace
   linefeed


Estado 46 conflictos: 2 desplazamiento(s)/reducción(ones)
Estado 110 conflictos: 1 desplazamiento/reducción, 2 reducción/reducción
Estado 112 conflictos: 1 desplazamiento/reducción, 2 reducción/reducción


Gramática

    0 $accept: programaFinal $end

    1 programaFinal: programa

    2 programa: sentencia

    3 sentencia: declaracion sentencia
    4          | estructura sentencia
    5          | estructura

    6 declaracion: DECVAR listaDeclaraciones ENDDEC

    7 listaDeclaraciones: listaID DP tipoDato listaDeclaraciones
    8                   | listaID DP tipoDato

    9 listaID: listaID COMA ID
   10        | ID

   11 tipoDato: STRING
   12         | INT
   13         | FLOAT

   14 estructura: while
   15           | if
   16           | asign
   17           | write
   18           | take
   19           | read
   20           | inlist

   21 while: WHILE condicionFinal LL_A sentencia LL_C

   22 if: IF condicionFinal LL_A sentencia LL_C
   23   | IF condicionFinal LL_A sentencia LL_C ELSE LL_A sentencia LL_C

   24 condicionFinal: condicionFinal COND_AND condicion
   25               | P_A condicionFinal COND_AND condicion P_C
   26               | P_A condicionFinal COND_AND condicionFinal P_C
   27               | condicionFinal COND_OR condicion
   28               | P_A condicionFinal COND_OR condicion P_C
   29               | P_A condicionFinal COND_OR condicionFinal P_C
   30               | COND_NOT condicionFinal
   31               | P_A COND_NOT condicion P_C
   32               | P_A condicion P_C
   33               | condicion

   34 condicion: factor COMP_MEN factor
   35          | factor COMP_MAY factor
   36          | factor COMP_MENOI factor
   37          | factor COMP_MAYOI factor
   38          | factor COMP_IGUAL factor
   39          | factor COMP_DIST factor
   40          | COND_NOT factor
   41          | inlist

   42 asign: ID OP_ASIG expresion
   43      | ID OP_ASIG CTE_STRING

   44 inlist: INLIST P_A ID PYC C_A listaExpresiones C_C P_C

   45 take: TAKE P_A signo PYC CTE_INT PYC C_A valores C_C P_C

   46 signo: OP_MAS
   47      | OP_REST
   48      | OP_MULT
   49      | OP_DIV

   50 valores: valor PYC valores
   51        | valor

   52 valor: CTE_INT
   53      | OP_REST CTE_INT
   54      | CTE_FLOAT
   55      | OP_REST CTE_FLOAT
   56      | ID

   57 listaExpresiones: expresion PYC listaExpresiones
   58                 | expresion

   59 expresion: expresion OP_MAS termino
   60          | expresion OP_REST termino
   61          | termino

   62 termino: termino OP_DIV operando
   63        | termino OP_MULT operando
   64        | operando

   65 operando: CTE_INT
   66         | OP_REST CTE_INT
   67         | CTE_FLOAT
   68         | OP_REST CTE_FLOAT
   69         | ID
   70         | P_A expresion P_C

   71 write: WRITE factor

   72 read: READ ID

   73 factor: ID
   74       | CTE_INT
   75       | OP_REST CTE_INT
   76       | CTE_STRING
   77       | CTE_FLOAT
   78       | OP_REST CTE_FLOAT


Terminales con las reglas donde aparecen

$end (0) 0
error (256)
WHILE (258) 21
IF (259) 22 23
ELSE (260) 23
WRITE (261) 71
READ (262) 72
AND (263)
OR (264)
NOT (265)
DECVAR (266) 6
ENDDEC (267) 6
INLIST (268) 44
TAKE (269) 45
FLOAT (270) 13
STRING (271) 11
INT (272) 12
OP_MAS (273) 46 59
OP_REST (274) 47 53 55 60 66 68 75 78
OP_MULT (275) 48 63
OP_DIV (276) 49 62
OP_ASIG (277) 42 43
COMP_DIST (278) 39
COMP_MAY (279) 35
COMP_MEN (280) 34
COMP_IGUAL (281) 38
COMP_MAYOI (282) 37
COMP_MENOI (283) 36
COND_AND (284) 24 25 26
COND_OR (285) 27 28 29
COND_NOT (286) 30 31 40
P_A (287) 25 26 28 29 31 32 44 45 70
P_C (288) 25 26 28 29 31 32 44 45 70
LL_A (289) 21 22 23
LL_C (290) 21 22 23
C_A (291) 44 45
C_C (292) 44 45
COMA (293) 9
PYC (294) 44 45 50 57
DP (295) 7 8
ID (296) 9 10 42 43 44 56 69 72 73
CTE_INT (297) 45 52 53 65 66 74 75
CTE_FLOAT (298) 54 55 67 68 77 78
CTE_STRING (299) 43 76
COMENT (300)
whitespace (301)
linefeed (302)


No terminales con las reglas donde aparecen

$accept (48)
    en la izquierda: 0
programaFinal (49)
    en la izquierda: 1, en la derecha: 0
programa (50)
    en la izquierda: 2, en la derecha: 1
sentencia (51)
    en la izquierda: 3 4 5, en la derecha: 2 3 4 21 22 23
declaracion (52)
    en la izquierda: 6, en la derecha: 3
listaDeclaraciones (53)
    en la izquierda: 7 8, en la derecha: 6 7
listaID (54)
    en la izquierda: 9 10, en la derecha: 7 8 9
tipoDato (55)
    en la izquierda: 11 12 13, en la derecha: 7 8
estructura (56)
    en la izquierda: 14 15 16 17 18 19 20, en la derecha: 4 5
while (57)
    en la izquierda: 21, en la derecha: 14
if (58)
    en la izquierda: 22 23, en la derecha: 15
condicionFinal (59)
    en la izquierda: 24 25 26 27 28 29 30 31 32 33, en la derecha:
    21 22 23 24 25 26 27 28 29 30
condicion (60)
    en la izquierda: 34 35 36 37 38 39 40 41, en la derecha: 24 25
    27 28 31 32 33
asign (61)
    en la izquierda: 42 43, en la derecha: 16
inlist (62)
    en la izquierda: 44, en la derecha: 20 41
take (63)
    en la izquierda: 45, en la derecha: 18
signo (64)
    en la izquierda: 46 47 48 49, en la derecha: 45
valores (65)
    en la izquierda: 50 51, en la derecha: 45 50
valor (66)
    en la izquierda: 52 53 54 55 56, en la derecha: 50 51
listaExpresiones (67)
    en la izquierda: 57 58, en la derecha: 44 57
expresion (68)
    en la izquierda: 59 60 61, en la derecha: 42 57 58 59 60 70
termino (69)
    en la izquierda: 62 63 64, en la derecha: 59 60 61 62 63
operando (70)
    en la izquierda: 65 66 67 68 69 70, en la derecha: 62 63 64
write (71)
    en la izquierda: 71, en la derecha: 17
read (72)
    en la izquierda: 72, en la derecha: 19
factor (73)
    en la izquierda: 73 74 75 76 77 78, en la derecha: 34 35 36 37
    38 39 40 71


estado 0

    0 $accept: . programaFinal $end

    WHILE   desplazar e ir al estado 1
    IF      desplazar e ir al estado 2
    WRITE   desplazar e ir al estado 3
    READ    desplazar e ir al estado 4
    DECVAR  desplazar e ir al estado 5
    INLIST  desplazar e ir al estado 6
    TAKE    desplazar e ir al estado 7
    ID      desplazar e ir al estado 8

    programaFinal  ir al estado 9
    programa       ir al estado 10
    sentencia      ir al estado 11
    declaracion    ir al estado 12
    estructura     ir al estado 13
    while          ir al estado 14
    if             ir al estado 15
    asign          ir al estado 16
    inlist         ir al estado 17
    take           ir al estado 18
    write          ir al estado 19
    read           ir al estado 20


estado 1

   21 while: WHILE . condicionFinal LL_A sentencia LL_C

    INLIST      desplazar e ir al estado 6
    OP_REST     desplazar e ir al estado 21
    COND_NOT    desplazar e ir al estado 22
    P_A         desplazar e ir al estado 23
    ID          desplazar e ir al estado 24
    CTE_INT     desplazar e ir al estado 25
    CTE_FLOAT   desplazar e ir al estado 26
    CTE_STRING  desplazar e ir al estado 27

    condicionFinal  ir al estado 28
    condicion       ir al estado 29
    inlist          ir al estado 30
    factor          ir al estado 31


estado 2

   22 if: IF . condicionFinal LL_A sentencia LL_C
   23   | IF . condicionFinal LL_A sentencia LL_C ELSE LL_A sentencia LL_C

    INLIST      desplazar e ir al estado 6
    OP_REST     desplazar e ir al estado 21
    COND_NOT    desplazar e ir al estado 22
    P_A         desplazar e ir al estado 23
    ID          desplazar e ir al estado 24
    CTE_INT     desplazar e ir al estado 25
    CTE_FLOAT   desplazar e ir al estado 26
    CTE_STRING  desplazar e ir al estado 27

    condicionFinal  ir al estado 32
    condicion       ir al estado 29
    inlist          ir al estado 30
    factor          ir al estado 31


estado 3

   71 write: WRITE . factor

    OP_REST     desplazar e ir al estado 21
    ID          desplazar e ir al estado 24
    CTE_INT     desplazar e ir al estado 25
    CTE_FLOAT   desplazar e ir al estado 26
    CTE_STRING  desplazar e ir al estado 27

    factor  ir al estado 33


estado 4

   72 read: READ . ID

    ID  desplazar e ir al estado 34


estado 5

    6 declaracion: DECVAR . listaDeclaraciones ENDDEC

    ID  desplazar e ir al estado 35

    listaDeclaraciones  ir al estado 36
    listaID             ir al estado 37


estado 6

   44 inlist: INLIST . P_A ID PYC C_A listaExpresiones C_C P_C

    P_A  desplazar e ir al estado 38


estado 7

   45 take: TAKE . P_A signo PYC CTE_INT PYC C_A valores C_C P_C

    P_A  desplazar e ir al estado 39


estado 8

   42 asign: ID . OP_ASIG expresion
   43      | ID . OP_ASIG CTE_STRING

    OP_ASIG  desplazar e ir al estado 40


estado 9

    0 $accept: programaFinal . $end

    $end  desplazar e ir al estado 41


estado 10

    1 programaFinal: programa .

    $default  reduce usando la regla 1 (programaFinal)


estado 11

    2 programa: sentencia .

    $default  reduce usando la regla 2 (programa)


estado 12

    3 sentencia: declaracion . sentencia

    WHILE   desplazar e ir al estado 1
    IF      desplazar e ir al estado 2
    WRITE   desplazar e ir al estado 3
    READ    desplazar e ir al estado 4
    DECVAR  desplazar e ir al estado 5
    INLIST  desplazar e ir al estado 6
    TAKE    desplazar e ir al estado 7
    ID      desplazar e ir al estado 8

    sentencia    ir al estado 42
    declaracion  ir al estado 12
    estructura   ir al estado 13
    while        ir al estado 14
    if           ir al estado 15
    asign        ir al estado 16
    inlist       ir al estado 17
    take         ir al estado 18
    write        ir al estado 19
    read         ir al estado 20


estado 13

    4 sentencia: estructura . sentencia
    5          | estructura .

    WHILE   desplazar e ir al estado 1
    IF      desplazar e ir al estado 2
    WRITE   desplazar e ir al estado 3
    READ    desplazar e ir al estado 4
    DECVAR  desplazar e ir al estado 5
    INLIST  desplazar e ir al estado 6
    TAKE    desplazar e ir al estado 7
    ID      desplazar e ir al estado 8

    $default  reduce usando la regla 5 (sentencia)

    sentencia    ir al estado 43
    declaracion  ir al estado 12
    estructura   ir al estado 13
    while        ir al estado 14
    if           ir al estado 15
    asign        ir al estado 16
    inlist       ir al estado 17
    take         ir al estado 18
    write        ir al estado 19
    read         ir al estado 20


estado 14

   14 estructura: while .

    $default  reduce usando la regla 14 (estructura)


estado 15

   15 estructura: if .

    $default  reduce usando la regla 15 (estructura)


estado 16

   16 estructura: asign .

    $default  reduce usando la regla 16 (estructura)


estado 17

   20 estructura: inlist .

    $default  reduce usando la regla 20 (estructura)


estado 18

   18 estructura: take .

    $default  reduce usando la regla 18 (estructura)


estado 19

   17 estructura: write .

    $default  reduce usando la regla 17 (estructura)


estado 20

   19 estructura: read .

    $default  reduce usando la regla 19 (estructura)


estado 21

   75 factor: OP_REST . CTE_INT
   78       | OP_REST . CTE_FLOAT

    CTE_INT    desplazar e ir al estado 44
    CTE_FLOAT  desplazar e ir al estado 45


estado 22

   30 condicionFinal: COND_NOT . condicionFinal
   40 condicion: COND_NOT . factor

    INLIST      desplazar e ir al estado 6
    OP_REST     desplazar e ir al estado 21
    COND_NOT    desplazar e ir al estado 22
    P_A         desplazar e ir al estado 23
    ID          desplazar e ir al estado 24
    CTE_INT     desplazar e ir al estado 25
    CTE_FLOAT   desplazar e ir al estado 26
    CTE_STRING  desplazar e ir al estado 27

    condicionFinal  ir al estado 46
    condicion       ir al estado 29
    inlist          ir al estado 30
    factor          ir al estado 47


estado 23

   25 condicionFinal: P_A . condicionFinal COND_AND condicion P_C
   26               | P_A . condicionFinal COND_AND condicionFinal P_C
   28               | P_A . condicionFinal COND_OR condicion P_C
   29               | P_A . condicionFinal COND_OR condicionFinal P_C
   31               | P_A . COND_NOT condicion P_C
   32               | P_A . condicion P_C

    INLIST      desplazar e ir al estado 6
    OP_REST     desplazar e ir al estado 21
    COND_NOT    desplazar e ir al estado 48
    P_A         desplazar e ir al estado 23
    ID          desplazar e ir al estado 24
    CTE_INT     desplazar e ir al estado 25
    CTE_FLOAT   desplazar e ir al estado 26
    CTE_STRING  desplazar e ir al estado 27

    condicionFinal  ir al estado 49
    condicion       ir al estado 50
    inlist          ir al estado 30
    factor          ir al estado 31


estado 24

   73 factor: ID .

    $default  reduce usando la regla 73 (factor)


estado 25

   74 factor: CTE_INT .

    $default  reduce usando la regla 74 (factor)


estado 26

   77 factor: CTE_FLOAT .

    $default  reduce usando la regla 77 (factor)


estado 27

   76 factor: CTE_STRING .

    $default  reduce usando la regla 76 (factor)


estado 28

   21 while: WHILE condicionFinal . LL_A sentencia LL_C
   24 condicionFinal: condicionFinal . COND_AND condicion
   27               | condicionFinal . COND_OR condicion

    COND_AND  desplazar e ir al estado 51
    COND_OR   desplazar e ir al estado 52
    LL_A      desplazar e ir al estado 53


estado 29

   33 condicionFinal: condicion .

    $default  reduce usando la regla 33 (condicionFinal)


estado 30

   41 condicion: inlist .

    $default  reduce usando la regla 41 (condicion)


estado 31

   34 condicion: factor . COMP_MEN factor
   35          | factor . COMP_MAY factor
   36          | factor . COMP_MENOI factor
   37          | factor . COMP_MAYOI factor
   38          | factor . COMP_IGUAL factor
   39          | factor . COMP_DIST factor

    COMP_DIST   desplazar e ir al estado 54
    COMP_MAY    desplazar e ir al estado 55
    COMP_MEN    desplazar e ir al estado 56
    COMP_IGUAL  desplazar e ir al estado 57
    COMP_MAYOI  desplazar e ir al estado 58
    COMP_MENOI  desplazar e ir al estado 59


estado 32

   22 if: IF condicionFinal . LL_A sentencia LL_C
   23   | IF condicionFinal . LL_A sentencia LL_C ELSE LL_A sentencia LL_C
   24 condicionFinal: condicionFinal . COND_AND condicion
   27               | condicionFinal . COND_OR condicion

    COND_AND  desplazar e ir al estado 51
    COND_OR   desplazar e ir al estado 52
    LL_A      desplazar e ir al estado 60


estado 33

   71 write: WRITE factor .

    $default  reduce usando la regla 71 (write)


estado 34

   72 read: READ ID .

    $default  reduce usando la regla 72 (read)


estado 35

   10 listaID: ID .

    $default  reduce usando la regla 10 (listaID)


estado 36

    6 declaracion: DECVAR listaDeclaraciones . ENDDEC

    ENDDEC  desplazar e ir al estado 61


estado 37

    7 listaDeclaraciones: listaID . DP tipoDato listaDeclaraciones
    8                   | listaID . DP tipoDato
    9 listaID: listaID . COMA ID

    COMA  desplazar e ir al estado 62
    DP    desplazar e ir al estado 63


estado 38

   44 inlist: INLIST P_A . ID PYC C_A listaExpresiones C_C P_C

    ID  desplazar e ir al estado 64


estado 39

   45 take: TAKE P_A . signo PYC CTE_INT PYC C_A valores C_C P_C

    OP_MAS   desplazar e ir al estado 65
    OP_REST  desplazar e ir al estado 66
    OP_MULT  desplazar e ir al estado 67
    OP_DIV   desplazar e ir al estado 68

    signo  ir al estado 69


estado 40

   42 asign: ID OP_ASIG . expresion
   43      | ID OP_ASIG . CTE_STRING

    OP_REST     desplazar e ir al estado 70
    P_A         desplazar e ir al estado 71
    ID          desplazar e ir al estado 72
    CTE_INT     desplazar e ir al estado 73
    CTE_FLOAT   desplazar e ir al estado 74
    CTE_STRING  desplazar e ir al estado 75

    expresion  ir al estado 76
    termino    ir al estado 77
    operando   ir al estado 78


estado 41

    0 $accept: programaFinal $end .

    $default  aceptar


estado 42

    3 sentencia: declaracion sentencia .

    $default  reduce usando la regla 3 (sentencia)


estado 43

    4 sentencia: estructura sentencia .

    $default  reduce usando la regla 4 (sentencia)


estado 44

   75 factor: OP_REST CTE_INT .

    $default  reduce usando la regla 75 (factor)


estado 45

   78 factor: OP_REST CTE_FLOAT .

    $default  reduce usando la regla 78 (factor)


estado 46

   24 condicionFinal: condicionFinal . COND_AND condicion
   27               | condicionFinal . COND_OR condicion
   30               | COND_NOT condicionFinal .

    COND_AND  desplazar e ir al estado 51
    COND_OR   desplazar e ir al estado 52

    COND_AND  [reduce usando la regla 30 (condicionFinal)]
    COND_OR   [reduce usando la regla 30 (condicionFinal)]
    $default  reduce usando la regla 30 (condicionFinal)


estado 47

   34 condicion: factor . COMP_MEN factor
   35          | factor . COMP_MAY factor
   36          | factor . COMP_MENOI factor
   37          | factor . COMP_MAYOI factor
   38          | factor . COMP_IGUAL factor
   39          | factor . COMP_DIST factor
   40          | COND_NOT factor .

    COMP_DIST   desplazar e ir al estado 54
    COMP_MAY    desplazar e ir al estado 55
    COMP_MEN    desplazar e ir al estado 56
    COMP_IGUAL  desplazar e ir al estado 57
    COMP_MAYOI  desplazar e ir al estado 58
    COMP_MENOI  desplazar e ir al estado 59

    $default  reduce usando la regla 40 (condicion)


estado 48

   30 condicionFinal: COND_NOT . condicionFinal
   31               | P_A COND_NOT . condicion P_C
   40 condicion: COND_NOT . factor

    INLIST      desplazar e ir al estado 6
    OP_REST     desplazar e ir al estado 21
    COND_NOT    desplazar e ir al estado 22
    P_A         desplazar e ir al estado 23
    ID          desplazar e ir al estado 24
    CTE_INT     desplazar e ir al estado 25
    CTE_FLOAT   desplazar e ir al estado 26
    CTE_STRING  desplazar e ir al estado 27

    condicionFinal  ir al estado 46
    condicion       ir al estado 79
    inlist          ir al estado 30
    factor          ir al estado 47


estado 49

   24 condicionFinal: condicionFinal . COND_AND condicion
   25               | P_A condicionFinal . COND_AND condicion P_C
   26               | P_A condicionFinal . COND_AND condicionFinal P_C
   27               | condicionFinal . COND_OR condicion
   28               | P_A condicionFinal . COND_OR condicion P_C
   29               | P_A condicionFinal . COND_OR condicionFinal P_C

    COND_AND  desplazar e ir al estado 80
    COND_OR   desplazar e ir al estado 81


estado 50

   32 condicionFinal: P_A condicion . P_C
   33               | condicion .

    P_C  desplazar e ir al estado 82

    $default  reduce usando la regla 33 (condicionFinal)


estado 51

   24 condicionFinal: condicionFinal COND_AND . condicion

    INLIST      desplazar e ir al estado 6
    OP_REST     desplazar e ir al estado 21
    COND_NOT    desplazar e ir al estado 83
    ID          desplazar e ir al estado 24
    CTE_INT     desplazar e ir al estado 25
    CTE_FLOAT   desplazar e ir al estado 26
    CTE_STRING  desplazar e ir al estado 27

    condicion  ir al estado 84
    inlist     ir al estado 30
    factor     ir al estado 31


estado 52

   27 condicionFinal: condicionFinal COND_OR . condicion

    INLIST      desplazar e ir al estado 6
    OP_REST     desplazar e ir al estado 21
    COND_NOT    desplazar e ir al estado 83
    ID          desplazar e ir al estado 24
    CTE_INT     desplazar e ir al estado 25
    CTE_FLOAT   desplazar e ir al estado 26
    CTE_STRING  desplazar e ir al estado 27

    condicion  ir al estado 85
    inlist     ir al estado 30
    factor     ir al estado 31


estado 53

   21 while: WHILE condicionFinal LL_A . sentencia LL_C

    WHILE   desplazar e ir al estado 1
    IF      desplazar e ir al estado 2
    WRITE   desplazar e ir al estado 3
    READ    desplazar e ir al estado 4
    DECVAR  desplazar e ir al estado 5
    INLIST  desplazar e ir al estado 6
    TAKE    desplazar e ir al estado 7
    ID      desplazar e ir al estado 8

    sentencia    ir al estado 86
    declaracion  ir al estado 12
    estructura   ir al estado 13
    while        ir al estado 14
    if           ir al estado 15
    asign        ir al estado 16
    inlist       ir al estado 17
    take         ir al estado 18
    write        ir al estado 19
    read         ir al estado 20


estado 54

   39 condicion: factor COMP_DIST . factor

    OP_REST     desplazar e ir al estado 21
    ID          desplazar e ir al estado 24
    CTE_INT     desplazar e ir al estado 25
    CTE_FLOAT   desplazar e ir al estado 26
    CTE_STRING  desplazar e ir al estado 27

    factor  ir al estado 87


estado 55

   35 condicion: factor COMP_MAY . factor

    OP_REST     desplazar e ir al estado 21
    ID          desplazar e ir al estado 24
    CTE_INT     desplazar e ir al estado 25
    CTE_FLOAT   desplazar e ir al estado 26
    CTE_STRING  desplazar e ir al estado 27

    factor  ir al estado 88


estado 56

   34 condicion: factor COMP_MEN . factor

    OP_REST     desplazar e ir al estado 21
    ID          desplazar e ir al estado 24
    CTE_INT     desplazar e ir al estado 25
    CTE_FLOAT   desplazar e ir al estado 26
    CTE_STRING  desplazar e ir al estado 27

    factor  ir al estado 89


estado 57

   38 condicion: factor COMP_IGUAL . factor

    OP_REST     desplazar e ir al estado 21
    ID          desplazar e ir al estado 24
    CTE_INT     desplazar e ir al estado 25
    CTE_FLOAT   desplazar e ir al estado 26
    CTE_STRING  desplazar e ir al estado 27

    factor  ir al estado 90


estado 58

   37 condicion: factor COMP_MAYOI . factor

    OP_REST     desplazar e ir al estado 21
    ID          desplazar e ir al estado 24
    CTE_INT     desplazar e ir al estado 25
    CTE_FLOAT   desplazar e ir al estado 26
    CTE_STRING  desplazar e ir al estado 27

    factor  ir al estado 91


estado 59

   36 condicion: factor COMP_MENOI . factor

    OP_REST     desplazar e ir al estado 21
    ID          desplazar e ir al estado 24
    CTE_INT     desplazar e ir al estado 25
    CTE_FLOAT   desplazar e ir al estado 26
    CTE_STRING  desplazar e ir al estado 27

    factor  ir al estado 92


estado 60

   22 if: IF condicionFinal LL_A . sentencia LL_C
   23   | IF condicionFinal LL_A . sentencia LL_C ELSE LL_A sentencia LL_C

    WHILE   desplazar e ir al estado 1
    IF      desplazar e ir al estado 2
    WRITE   desplazar e ir al estado 3
    READ    desplazar e ir al estado 4
    DECVAR  desplazar e ir al estado 5
    INLIST  desplazar e ir al estado 6
    TAKE    desplazar e ir al estado 7
    ID      desplazar e ir al estado 8

    sentencia    ir al estado 93
    declaracion  ir al estado 12
    estructura   ir al estado 13
    while        ir al estado 14
    if           ir al estado 15
    asign        ir al estado 16
    inlist       ir al estado 17
    take         ir al estado 18
    write        ir al estado 19
    read         ir al estado 20


estado 61

    6 declaracion: DECVAR listaDeclaraciones ENDDEC .

    $default  reduce usando la regla 6 (declaracion)


estado 62

    9 listaID: listaID COMA . ID

    ID  desplazar e ir al estado 94


estado 63

    7 listaDeclaraciones: listaID DP . tipoDato listaDeclaraciones
    8                   | listaID DP . tipoDato

    FLOAT   desplazar e ir al estado 95
    STRING  desplazar e ir al estado 96
    INT     desplazar e ir al estado 97

    tipoDato  ir al estado 98


estado 64

   44 inlist: INLIST P_A ID . PYC C_A listaExpresiones C_C P_C

    PYC  desplazar e ir al estado 99


estado 65

   46 signo: OP_MAS .

    $default  reduce usando la regla 46 (signo)


estado 66

   47 signo: OP_REST .

    $default  reduce usando la regla 47 (signo)


estado 67

   48 signo: OP_MULT .

    $default  reduce usando la regla 48 (signo)


estado 68

   49 signo: OP_DIV .

    $default  reduce usando la regla 49 (signo)


estado 69

   45 take: TAKE P_A signo . PYC CTE_INT PYC C_A valores C_C P_C

    PYC  desplazar e ir al estado 100


estado 70

   66 operando: OP_REST . CTE_INT
   68         | OP_REST . CTE_FLOAT

    CTE_INT    desplazar e ir al estado 101
    CTE_FLOAT  desplazar e ir al estado 102


estado 71

   70 operando: P_A . expresion P_C

    OP_REST    desplazar e ir al estado 70
    P_A        desplazar e ir al estado 71
    ID         desplazar e ir al estado 72
    CTE_INT    desplazar e ir al estado 73
    CTE_FLOAT  desplazar e ir al estado 74

    expresion  ir al estado 103
    termino    ir al estado 77
    operando   ir al estado 78


estado 72

   69 operando: ID .

    $default  reduce usando la regla 69 (operando)


estado 73

   65 operando: CTE_INT .

    $default  reduce usando la regla 65 (operando)


estado 74

   67 operando: CTE_FLOAT .

    $default  reduce usando la regla 67 (operando)


estado 75

   43 asign: ID OP_ASIG CTE_STRING .

    $default  reduce usando la regla 43 (asign)


estado 76

   42 asign: ID OP_ASIG expresion .
   59 expresion: expresion . OP_MAS termino
   60          | expresion . OP_REST termino

    OP_MAS   desplazar e ir al estado 104
    OP_REST  desplazar e ir al estado 105

    $default  reduce usando la regla 42 (asign)


estado 77

   61 expresion: termino .
   62 termino: termino . OP_DIV operando
   63        | termino . OP_MULT operando

    OP_MULT  desplazar e ir al estado 106
    OP_DIV   desplazar e ir al estado 107

    $default  reduce usando la regla 61 (expresion)


estado 78

   64 termino: operando .

    $default  reduce usando la regla 64 (termino)


estado 79

   31 condicionFinal: P_A COND_NOT condicion . P_C
   33               | condicion .

    P_C  desplazar e ir al estado 108

    $default  reduce usando la regla 33 (condicionFinal)


estado 80

   24 condicionFinal: condicionFinal COND_AND . condicion
   25               | P_A condicionFinal COND_AND . condicion P_C
   26               | P_A condicionFinal COND_AND . condicionFinal P_C

    INLIST      desplazar e ir al estado 6
    OP_REST     desplazar e ir al estado 21
    COND_NOT    desplazar e ir al estado 22
    P_A         desplazar e ir al estado 23
    ID          desplazar e ir al estado 24
    CTE_INT     desplazar e ir al estado 25
    CTE_FLOAT   desplazar e ir al estado 26
    CTE_STRING  desplazar e ir al estado 27

    condicionFinal  ir al estado 109
    condicion       ir al estado 110
    inlist          ir al estado 30
    factor          ir al estado 31


estado 81

   27 condicionFinal: condicionFinal COND_OR . condicion
   28               | P_A condicionFinal COND_OR . condicion P_C
   29               | P_A condicionFinal COND_OR . condicionFinal P_C

    INLIST      desplazar e ir al estado 6
    OP_REST     desplazar e ir al estado 21
    COND_NOT    desplazar e ir al estado 22
    P_A         desplazar e ir al estado 23
    ID          desplazar e ir al estado 24
    CTE_INT     desplazar e ir al estado 25
    CTE_FLOAT   desplazar e ir al estado 26
    CTE_STRING  desplazar e ir al estado 27

    condicionFinal  ir al estado 111
    condicion       ir al estado 112
    inlist          ir al estado 30
    factor          ir al estado 31


estado 82

   32 condicionFinal: P_A condicion P_C .

    $default  reduce usando la regla 32 (condicionFinal)


estado 83

   40 condicion: COND_NOT . factor

    OP_REST     desplazar e ir al estado 21
    ID          desplazar e ir al estado 24
    CTE_INT     desplazar e ir al estado 25
    CTE_FLOAT   desplazar e ir al estado 26
    CTE_STRING  desplazar e ir al estado 27

    factor  ir al estado 113


estado 84

   24 condicionFinal: condicionFinal COND_AND condicion .

    $default  reduce usando la regla 24 (condicionFinal)


estado 85

   27 condicionFinal: condicionFinal COND_OR condicion .

    $default  reduce usando la regla 27 (condicionFinal)


estado 86

   21 while: WHILE condicionFinal LL_A sentencia . LL_C

    LL_C  desplazar e ir al estado 114


estado 87

   39 condicion: factor COMP_DIST factor .

    $default  reduce usando la regla 39 (condicion)


estado 88

   35 condicion: factor COMP_MAY factor .

    $default  reduce usando la regla 35 (condicion)


estado 89

   34 condicion: factor COMP_MEN factor .

    $default  reduce usando la regla 34 (condicion)


estado 90

   38 condicion: factor COMP_IGUAL factor .

    $default  reduce usando la regla 38 (condicion)


estado 91

   37 condicion: factor COMP_MAYOI factor .

    $default  reduce usando la regla 37 (condicion)


estado 92

   36 condicion: factor COMP_MENOI factor .

    $default  reduce usando la regla 36 (condicion)


estado 93

   22 if: IF condicionFinal LL_A sentencia . LL_C
   23   | IF condicionFinal LL_A sentencia . LL_C ELSE LL_A sentencia LL_C

    LL_C  desplazar e ir al estado 115


estado 94

    9 listaID: listaID COMA ID .

    $default  reduce usando la regla 9 (listaID)


estado 95

   13 tipoDato: FLOAT .

    $default  reduce usando la regla 13 (tipoDato)


estado 96

   11 tipoDato: STRING .

    $default  reduce usando la regla 11 (tipoDato)


estado 97

   12 tipoDato: INT .

    $default  reduce usando la regla 12 (tipoDato)


estado 98

    7 listaDeclaraciones: listaID DP tipoDato . listaDeclaraciones
    8                   | listaID DP tipoDato .

    ID  desplazar e ir al estado 35

    $default  reduce usando la regla 8 (listaDeclaraciones)

    listaDeclaraciones  ir al estado 116
    listaID             ir al estado 37


estado 99

   44 inlist: INLIST P_A ID PYC . C_A listaExpresiones C_C P_C

    C_A  desplazar e ir al estado 117


estado 100

   45 take: TAKE P_A signo PYC . CTE_INT PYC C_A valores C_C P_C

    CTE_INT  desplazar e ir al estado 118


estado 101

   66 operando: OP_REST CTE_INT .

    $default  reduce usando la regla 66 (operando)


estado 102

   68 operando: OP_REST CTE_FLOAT .

    $default  reduce usando la regla 68 (operando)


estado 103

   59 expresion: expresion . OP_MAS termino
   60          | expresion . OP_REST termino
   70 operando: P_A expresion . P_C

    OP_MAS   desplazar e ir al estado 104
    OP_REST  desplazar e ir al estado 105
    P_C      desplazar e ir al estado 119


estado 104

   59 expresion: expresion OP_MAS . termino

    OP_REST    desplazar e ir al estado 70
    P_A        desplazar e ir al estado 71
    ID         desplazar e ir al estado 72
    CTE_INT    desplazar e ir al estado 73
    CTE_FLOAT  desplazar e ir al estado 74

    termino   ir al estado 120
    operando  ir al estado 78


estado 105

   60 expresion: expresion OP_REST . termino

    OP_REST    desplazar e ir al estado 70
    P_A        desplazar e ir al estado 71
    ID         desplazar e ir al estado 72
    CTE_INT    desplazar e ir al estado 73
    CTE_FLOAT  desplazar e ir al estado 74

    termino   ir al estado 121
    operando  ir al estado 78


estado 106

   63 termino: termino OP_MULT . operando

    OP_REST    desplazar e ir al estado 70
    P_A        desplazar e ir al estado 71
    ID         desplazar e ir al estado 72
    CTE_INT    desplazar e ir al estado 73
    CTE_FLOAT  desplazar e ir al estado 74

    operando  ir al estado 122


estado 107

   62 termino: termino OP_DIV . operando

    OP_REST    desplazar e ir al estado 70
    P_A        desplazar e ir al estado 71
    ID         desplazar e ir al estado 72
    CTE_INT    desplazar e ir al estado 73
    CTE_FLOAT  desplazar e ir al estado 74

    operando  ir al estado 123


estado 108

   31 condicionFinal: P_A COND_NOT condicion P_C .

    $default  reduce usando la regla 31 (condicionFinal)


estado 109

   24 condicionFinal: condicionFinal . COND_AND condicion
   26               | P_A condicionFinal COND_AND condicionFinal . P_C
   27               | condicionFinal . COND_OR condicion

    COND_AND  desplazar e ir al estado 51
    COND_OR   desplazar e ir al estado 52
    P_C       desplazar e ir al estado 124


estado 110

   24 condicionFinal: condicionFinal COND_AND condicion .
   25               | P_A condicionFinal COND_AND condicion . P_C
   33               | condicion .

    P_C  desplazar e ir al estado 125

    COND_AND  reduce usando la regla 24 (condicionFinal)
    COND_AND  [reduce usando la regla 33 (condicionFinal)]
    COND_OR   reduce usando la regla 24 (condicionFinal)
    COND_OR   [reduce usando la regla 33 (condicionFinal)]
    P_C       [reduce usando la regla 33 (condicionFinal)]
    $default  reduce usando la regla 24 (condicionFinal)


estado 111

   24 condicionFinal: condicionFinal . COND_AND condicion
   27               | condicionFinal . COND_OR condicion
   29               | P_A condicionFinal COND_OR condicionFinal . P_C

    COND_AND  desplazar e ir al estado 51
    COND_OR   desplazar e ir al estado 52
    P_C       desplazar e ir al estado 126


estado 112

   27 condicionFinal: condicionFinal COND_OR condicion .
   28               | P_A condicionFinal COND_OR condicion . P_C
   33               | condicion .

    P_C  desplazar e ir al estado 127

    COND_AND  reduce usando la regla 27 (condicionFinal)
    COND_AND  [reduce usando la regla 33 (condicionFinal)]
    COND_OR   reduce usando la regla 27 (condicionFinal)
    COND_OR   [reduce usando la regla 33 (condicionFinal)]
    P_C       [reduce usando la regla 33 (condicionFinal)]
    $default  reduce usando la regla 27 (condicionFinal)


estado 113

   40 condicion: COND_NOT factor .

    $default  reduce usando la regla 40 (condicion)


estado 114

   21 while: WHILE condicionFinal LL_A sentencia LL_C .

    $default  reduce usando la regla 21 (while)


estado 115

   22 if: IF condicionFinal LL_A sentencia LL_C .
   23   | IF condicionFinal LL_A sentencia LL_C . ELSE LL_A sentencia LL_C

    ELSE  desplazar e ir al estado 128

    $default  reduce usando la regla 22 (if)


estado 116

    7 listaDeclaraciones: listaID DP tipoDato listaDeclaraciones .

    $default  reduce usando la regla 7 (listaDeclaraciones)


estado 117

   44 inlist: INLIST P_A ID PYC C_A . listaExpresiones C_C P_C

    OP_REST    desplazar e ir al estado 70
    P_A        desplazar e ir al estado 71
    ID         desplazar e ir al estado 72
    CTE_INT    desplazar e ir al estado 73
    CTE_FLOAT  desplazar e ir al estado 74

    listaExpresiones  ir al estado 129
    expresion         ir al estado 130
    termino           ir al estado 77
    operando          ir al estado 78


estado 118

   45 take: TAKE P_A signo PYC CTE_INT . PYC C_A valores C_C P_C

    PYC  desplazar e ir al estado 131


estado 119

   70 operando: P_A expresion P_C .

    $default  reduce usando la regla 70 (operando)


estado 120

   59 expresion: expresion OP_MAS termino .
   62 termino: termino . OP_DIV operando
   63        | termino . OP_MULT operando

    OP_MULT  desplazar e ir al estado 106
    OP_DIV   desplazar e ir al estado 107

    $default  reduce usando la regla 59 (expresion)


estado 121

   60 expresion: expresion OP_REST termino .
   62 termino: termino . OP_DIV operando
   63        | termino . OP_MULT operando

    OP_MULT  desplazar e ir al estado 106
    OP_DIV   desplazar e ir al estado 107

    $default  reduce usando la regla 60 (expresion)


estado 122

   63 termino: termino OP_MULT operando .

    $default  reduce usando la regla 63 (termino)


estado 123

   62 termino: termino OP_DIV operando .

    $default  reduce usando la regla 62 (termino)


estado 124

   26 condicionFinal: P_A condicionFinal COND_AND condicionFinal P_C .

    $default  reduce usando la regla 26 (condicionFinal)


estado 125

   25 condicionFinal: P_A condicionFinal COND_AND condicion P_C .

    $default  reduce usando la regla 25 (condicionFinal)


estado 126

   29 condicionFinal: P_A condicionFinal COND_OR condicionFinal P_C .

    $default  reduce usando la regla 29 (condicionFinal)


estado 127

   28 condicionFinal: P_A condicionFinal COND_OR condicion P_C .

    $default  reduce usando la regla 28 (condicionFinal)


estado 128

   23 if: IF condicionFinal LL_A sentencia LL_C ELSE . LL_A sentencia LL_C

    LL_A  desplazar e ir al estado 132


estado 129

   44 inlist: INLIST P_A ID PYC C_A listaExpresiones . C_C P_C

    C_C  desplazar e ir al estado 133


estado 130

   57 listaExpresiones: expresion . PYC listaExpresiones
   58                 | expresion .
   59 expresion: expresion . OP_MAS termino
   60          | expresion . OP_REST termino

    OP_MAS   desplazar e ir al estado 104
    OP_REST  desplazar e ir al estado 105
    PYC      desplazar e ir al estado 134

    $default  reduce usando la regla 58 (listaExpresiones)


estado 131

   45 take: TAKE P_A signo PYC CTE_INT PYC . C_A valores C_C P_C

    C_A  desplazar e ir al estado 135


estado 132

   23 if: IF condicionFinal LL_A sentencia LL_C ELSE LL_A . sentencia LL_C

    WHILE   desplazar e ir al estado 1
    IF      desplazar e ir al estado 2
    WRITE   desplazar e ir al estado 3
    READ    desplazar e ir al estado 4
    DECVAR  desplazar e ir al estado 5
    INLIST  desplazar e ir al estado 6
    TAKE    desplazar e ir al estado 7
    ID      desplazar e ir al estado 8

    sentencia    ir al estado 136
    declaracion  ir al estado 12
    estructura   ir al estado 13
    while        ir al estado 14
    if           ir al estado 15
    asign        ir al estado 16
    inlist       ir al estado 17
    take         ir al estado 18
    write        ir al estado 19
    read         ir al estado 20


estado 133

   44 inlist: INLIST P_A ID PYC C_A listaExpresiones C_C . P_C

    P_C  desplazar e ir al estado 137


estado 134

   57 listaExpresiones: expresion PYC . listaExpresiones

    OP_REST    desplazar e ir al estado 70
    P_A        desplazar e ir al estado 71
    ID         desplazar e ir al estado 72
    CTE_INT    desplazar e ir al estado 73
    CTE_FLOAT  desplazar e ir al estado 74

    listaExpresiones  ir al estado 138
    expresion         ir al estado 130
    termino           ir al estado 77
    operando          ir al estado 78


estado 135

   45 take: TAKE P_A signo PYC CTE_INT PYC C_A . valores C_C P_C

    OP_REST    desplazar e ir al estado 139
    ID         desplazar e ir al estado 140
    CTE_INT    desplazar e ir al estado 141
    CTE_FLOAT  desplazar e ir al estado 142

    valores  ir al estado 143
    valor    ir al estado 144


estado 136

   23 if: IF condicionFinal LL_A sentencia LL_C ELSE LL_A sentencia . LL_C

    LL_C  desplazar e ir al estado 145


estado 137

   44 inlist: INLIST P_A ID PYC C_A listaExpresiones C_C P_C .

    $default  reduce usando la regla 44 (inlist)


estado 138

   57 listaExpresiones: expresion PYC listaExpresiones .

    $default  reduce usando la regla 57 (listaExpresiones)


estado 139

   53 valor: OP_REST . CTE_INT
   55      | OP_REST . CTE_FLOAT

    CTE_INT    desplazar e ir al estado 146
    CTE_FLOAT  desplazar e ir al estado 147


estado 140

   56 valor: ID .

    $default  reduce usando la regla 56 (valor)


estado 141

   52 valor: CTE_INT .

    $default  reduce usando la regla 52 (valor)


estado 142

   54 valor: CTE_FLOAT .

    $default  reduce usando la regla 54 (valor)


estado 143

   45 take: TAKE P_A signo PYC CTE_INT PYC C_A valores . C_C P_C

    C_C  desplazar e ir al estado 148


estado 144

   50 valores: valor . PYC valores
   51        | valor .

    PYC  desplazar e ir al estado 149

    $default  reduce usando la regla 51 (valores)


estado 145

   23 if: IF condicionFinal LL_A sentencia LL_C ELSE LL_A sentencia LL_C .

    $default  reduce usando la regla 23 (if)


estado 146

   53 valor: OP_REST CTE_INT .

    $default  reduce usando la regla 53 (valor)


estado 147

   55 valor: OP_REST CTE_FLOAT .

    $default  reduce usando la regla 55 (valor)


estado 148

   45 take: TAKE P_A signo PYC CTE_INT PYC C_A valores C_C . P_C

    P_C  desplazar e ir al estado 150


estado 149

   50 valores: valor PYC . valores

    OP_REST    desplazar e ir al estado 139
    ID         desplazar e ir al estado 140
    CTE_INT    desplazar e ir al estado 141
    CTE_FLOAT  desplazar e ir al estado 142

    valores  ir al estado 151
    valor    ir al estado 144


estado 150

   45 take: TAKE P_A signo PYC CTE_INT PYC C_A valores C_C P_C .

    $default  reduce usando la regla 45 (take)


estado 151

   50 valores: valor PYC valores .

    $default  reduce usando la regla 50 (valores)
